<?xml version="1.0" encoding="UTF-8"?>
<!-- Generated by org.testng.reporters.JUnitReportReporter -->
<testsuite hostname="Galaxy-Book-Pro-360" name="dipu.runners.RunnerClass" tests="1" failures="0" timestamp="1 Jul 2024 02:31:02 GMT" time="4.361" errors="0">
  <testcase name="feature" time="4.361" classname="dipu.runners.RunnerClass"/>
</testsuite> <!-- dipu.runners.RunnerClass -->
